{"C:\\Users\\Jonathan Mohabir\\Desktop\\jonathan_coding_prac\\NODE_REVIEW\\orielly_book\\sample_project\\meadowlark\\lib\\fortune.js": {"path":"C:\\Users\\Jonathan Mohabir\\Desktop\\jonathan_coding_prac\\NODE_REVIEW\\orielly_book\\sample_project\\meadowlark\\lib\\fortune.js","statementMap":{"0":{"start":{"line":1,"column":17},"end":{"line":8,"column":1}},"1":{"start":{"line":11,"column":0},"end":{"line":14,"column":2}},"2":{"start":{"line":12,"column":14},"end":{"line":12,"column":57}},"3":{"start":{"line":13,"column":2},"end":{"line":13,"column":22}}},"fnMap":{"0":{"name":"(anonymous_0)","decl":{"start":{"line":11,"column":21},"end":{"line":11,"column":22}},"loc":{"start":{"line":11,"column":27},"end":{"line":14,"column":1}},"line":11}},"branchMap":{},"s":{"0":1,"1":1,"2":2,"3":2},"f":{"0":2},"b":{},"_coverageSchema":"1a1c01bbd47fc00a2c39e90264f33305004495a9","hash":"eb910e4986800360d9b78f4605df0fa781341f07"}
,"C:\\Users\\Jonathan Mohabir\\Desktop\\jonathan_coding_prac\\NODE_REVIEW\\orielly_book\\sample_project\\meadowlark\\lib\\handlers.js": {"path":"C:\\Users\\Jonathan Mohabir\\Desktop\\jonathan_coding_prac\\NODE_REVIEW\\orielly_book\\sample_project\\meadowlark\\lib\\handlers.js","statementMap":{"0":{"start":{"line":1,"column":16},"end":{"line":1,"column":36}},"1":{"start":{"line":3,"column":0},"end":{"line":5,"column":2}},"2":{"start":{"line":4,"column":2},"end":{"line":4,"column":20}},"3":{"start":{"line":8,"column":0},"end":{"line":10,"column":1}},"4":{"start":{"line":9,"column":2},"end":{"line":9,"column":54}},"5":{"start":{"line":11,"column":0},"end":{"line":13,"column":1}},"6":{"start":{"line":12,"column":2},"end":{"line":12,"column":19}},"7":{"start":{"line":14,"column":0},"end":{"line":16,"column":1}},"8":{"start":{"line":15,"column":2},"end":{"line":15,"column":19}}},"fnMap":{"0":{"name":"(anonymous_0)","decl":{"start":{"line":3,"column":15},"end":{"line":3,"column":16}},"loc":{"start":{"line":3,"column":29},"end":{"line":5,"column":1}},"line":3},"1":{"name":"(anonymous_1)","decl":{"start":{"line":8,"column":16},"end":{"line":8,"column":17}},"loc":{"start":{"line":8,"column":30},"end":{"line":10,"column":1}},"line":8},"2":{"name":"(anonymous_2)","decl":{"start":{"line":11,"column":19},"end":{"line":11,"column":20}},"loc":{"start":{"line":11,"column":33},"end":{"line":13,"column":1}},"line":11},"3":{"name":"(anonymous_3)","decl":{"start":{"line":14,"column":22},"end":{"line":14,"column":23}},"loc":{"start":{"line":14,"column":47},"end":{"line":16,"column":1}},"line":14}},"branchMap":{},"s":{"0":1,"1":1,"2":0,"3":1,"4":2,"5":1,"6":1,"7":1,"8":1},"f":{"0":0,"1":2,"2":1,"3":1},"b":{},"_coverageSchema":"1a1c01bbd47fc00a2c39e90264f33305004495a9","hash":"276f37c8dd49eb38a69cb487ad9e3f385535c56e"}
}
